[01-06-2023 11:57:01] Optimized file /wp-content/uploads/2023/06/Planty6-1.png from 149 KB to 45 KB
[01-06-2023 11:57:01] Optimized file /wp-content/uploads/2023/06/Planty6-1-300x218.png from 9 KB to 4 KB
[01-06-2023 11:57:01] Optimized file /wp-content/uploads/2023/06/Planty6-1-1024x744.png from 84 KB to 27 KB
[01-06-2023 11:57:02] Optimized file /wp-content/uploads/2023/06/Planty6-1-150x150.png from 5 KB to 2 KB
[01-06-2023 11:57:02] Optimized file /wp-content/uploads/2023/06/Planty6-1-768x558.png from 50 KB to 16 KB
[01-06-2023 11:57:02] Optimized file /wp-content/uploads/2023/06/Planty6-1-1200x872.png from 110 KB to 35 KB
[02-06-2023 12:59:51] Optimized file /wp-content/uploads/2023/06/bruce-mars-AndE50aaHn4-unsplash-1.png from 39 KB to 13 KB
[02-06-2023 12:59:54] Optimized file /wp-content/uploads/2023/06/estudio-bloom-ezqnxsqUZ80-unsplash-1.png from 135 KB to 49 KB
[02-06-2023 12:59:54] Optimized file /wp-content/uploads/2023/06/estudio-bloom-ezqnxsqUZ80-unsplash-1-300x200.png from 76 KB to 27 KB
[02-06-2023 12:59:54] Optimized file /wp-content/uploads/2023/06/estudio-bloom-ezqnxsqUZ80-unsplash-1-150x150.png from 28 KB to 11 KB
[02-06-2023 12:59:56] Optimized file /wp-content/uploads/2023/06/estudio-bloom-ezqnxsqUZ80-unsplash-1-1.png from 135 KB to 49 KB
[02-06-2023 12:59:56] Optimized file /wp-content/uploads/2023/06/estudio-bloom-ezqnxsqUZ80-unsplash-1-1-300x200.png from 76 KB to 27 KB
[02-06-2023 12:59:57] Optimized file /wp-content/uploads/2023/06/estudio-bloom-ezqnxsqUZ80-unsplash-1-1-150x150.png from 28 KB to 11 KB
[02-06-2023 12:59:59] Optimized file /wp-content/uploads/2023/06/estudio-bloom-tOitjphtIXU-unsplash-1.png from 147 KB to 52 KB
[02-06-2023 12:59:59] Optimized file /wp-content/uploads/2023/06/estudio-bloom-tOitjphtIXU-unsplash-1-300x200.png from 77 KB to 29 KB
[02-06-2023 12:59:59] Optimized file /wp-content/uploads/2023/06/estudio-bloom-tOitjphtIXU-unsplash-1-150x150.png from 31 KB to 12 KB
[02-06-2023 13:00:02] Optimized file /wp-content/uploads/2023/06/estudio-bloom-tOitjphtIXU-unsplash-1-1.png from 147 KB to 52 KB
[02-06-2023 13:00:03] Optimized file /wp-content/uploads/2023/06/estudio-bloom-tOitjphtIXU-unsplash-1-1-300x200.png from 77 KB to 29 KB
[02-06-2023 13:00:03] Optimized file /wp-content/uploads/2023/06/estudio-bloom-tOitjphtIXU-unsplash-1-1-150x150.png from 31 KB to 12 KB
[02-06-2023 13:00:09] Optimized file /wp-content/uploads/2023/06/Etiquette-boisson.png from 121 KB to 53 KB
[02-06-2023 13:00:09] Optimized file /wp-content/uploads/2023/06/Etiquette-boisson-190x300.png from 25 KB to 8 KB
[02-06-2023 13:00:10] Optimized file /wp-content/uploads/2023/06/Etiquette-boisson-649x1024.png from 492 KB to 236 KB
[02-06-2023 13:00:10] Optimized file /wp-content/uploads/2023/06/Etiquette-boisson-150x150.png from 7 KB to 3 KB
[02-06-2023 13:00:11] Optimized file /wp-content/uploads/2023/06/Etiquette-boisson-768x1211.png from 650 KB to 317 KB
[02-06-2023 13:00:12] Optimized file /wp-content/uploads/2023/06/Etiquette-boisson-974x1536.png from 1 MB to 563 KB
[02-06-2023 13:00:15] Optimized file /wp-content/uploads/2023/06/Etiquette-boisson-1299x2048.png from 2 MB to 1 MB
[02-06-2023 13:00:16] Optimized file /wp-content/uploads/2023/06/Etiquette-boisson-1200x1892.png from 428 KB to 190 KB
[02-06-2023 13:00:17] Optimized file /wp-content/uploads/2023/06/Group-2.png from 7 KB to 3 KB
[02-06-2023 13:00:17] Optimized file /wp-content/uploads/2023/06/Group-2-150x150.png from 10 KB to 6 KB
[02-06-2023 13:00:17] Optimized file /wp-content/uploads/2023/06/Group-3.png from 15 KB to 5 KB
[02-06-2023 13:00:18] Optimized file /wp-content/uploads/2023/06/Group-3-262x300.png from 30 KB to 14 KB
[02-06-2023 13:00:18] Optimized file /wp-content/uploads/2023/06/Group-3-150x150.png from 9 KB to 4 KB
[02-06-2023 13:00:18] Optimized file /wp-content/uploads/2023/06/Group-4.png from 15 KB to 5 KB
[02-06-2023 13:00:18] Optimized file /wp-content/uploads/2023/06/Group-4-262x300.png from 30 KB to 14 KB
[02-06-2023 13:00:18] Optimized file /wp-content/uploads/2023/06/Group-4-150x150.png from 9 KB to 4 KB
[02-06-2023 13:00:21] Optimized file /wp-content/uploads/2023/06/Group-8.png from 47 KB to 10 KB
[02-06-2023 13:00:22] Optimized file /wp-content/uploads/2023/06/Group-8-300x27.png from 14 KB to 5 KB
[02-06-2023 13:00:22] Optimized file /wp-content/uploads/2023/06/Group-8-1024x93.png from 98 KB to 27 KB
[02-06-2023 13:00:22] Optimized file /wp-content/uploads/2023/06/Group-8-150x131.png from 17 KB to 7 KB
[02-06-2023 13:00:22] Optimized file /wp-content/uploads/2023/06/Group-8-768x70.png from 63 KB to 20 KB
[02-06-2023 13:00:22] Optimized file /wp-content/uploads/2023/06/Group-8-1200x109.png from 133 KB to 40 KB
[02-06-2023 13:00:26] Optimized file /wp-content/uploads/2023/06/Group-8-1.png from 47 KB to 10 KB
[02-06-2023 13:00:26] Optimized file /wp-content/uploads/2023/06/Group-8-1-300x27.png from 14 KB to 5 KB
[02-06-2023 13:00:27] Optimized file /wp-content/uploads/2023/06/Group-8-1-1024x93.png from 98 KB to 27 KB
[02-06-2023 13:00:27] Optimized file /wp-content/uploads/2023/06/Group-8-1-150x131.png from 17 KB to 7 KB
[02-06-2023 13:00:27] Optimized file /wp-content/uploads/2023/06/Group-8-1-768x70.png from 63 KB to 20 KB
[02-06-2023 13:00:27] Optimized file /wp-content/uploads/2023/06/Group-8-1-1200x109.png from 133 KB to 40 KB
[02-06-2023 13:00:28] Optimized file /wp-content/uploads/2023/06/Group-16.png from 6 KB to 3 KB
[02-06-2023 13:00:29] Optimized file /wp-content/uploads/2023/06/Group-16-150x150.png from 10 KB to 5 KB
[02-06-2023 13:00:37] Optimized file /wp-content/uploads/2023/06/jeremy-bezanger-0QgbyZdhX7k-unsplash-1.png from 161 KB to 51 KB
[02-06-2023 13:00:38] Optimized file /wp-content/uploads/2023/06/jeremy-bezanger-0QgbyZdhX7k-unsplash-1-300x200.png from 97 KB to 34 KB
[02-06-2023 13:00:38] Optimized file /wp-content/uploads/2023/06/jeremy-bezanger-0QgbyZdhX7k-unsplash-1-150x150.png from 38 KB to 15 KB
[02-06-2023 13:00:40] Optimized file /wp-content/uploads/2023/06/jeremy-bezanger-0QgbyZdhX7k-unsplash-1-1.png from 161 KB to 51 KB
[02-06-2023 13:00:40] Optimized file /wp-content/uploads/2023/06/jeremy-bezanger-0QgbyZdhX7k-unsplash-1-1-300x200.png from 97 KB to 34 KB
[02-06-2023 13:00:41] Optimized file /wp-content/uploads/2023/06/jeremy-bezanger-0QgbyZdhX7k-unsplash-1-1-150x150.png from 38 KB to 15 KB
[02-06-2023 13:00:52] Optimized file /wp-content/uploads/2023/06/Mask-group.png from 27 KB to 9 KB
[02-06-2023 13:01:06] Optimized file /wp-content/uploads/2023/06/Logo-source.png from 14 KB to 7 KB
[02-06-2023 13:01:07] Optimized file /wp-content/uploads/2023/06/Logo-source-300x51.png from 7 KB to 4 KB
[02-06-2023 13:01:07] Optimized file /wp-content/uploads/2023/06/Logo-source-1024x174.png from 66 KB to 31 KB
[02-06-2023 13:01:07] Optimized file /wp-content/uploads/2023/06/Logo-source-150x150.png from 11 KB to 5 KB
[02-06-2023 13:01:08] Optimized file /wp-content/uploads/2023/06/Logo-source-768x131.png from 44 KB to 21 KB
[02-06-2023 13:01:09] Optimized file /wp-content/uploads/2023/06/Logo-source-1536x261.png from 163 KB to 77 KB
[02-06-2023 13:01:11] Optimized file /wp-content/uploads/2023/06/Logo-source-2048x348.png from 253 KB to 116 KB
[02-06-2023 13:01:12] Optimized file /wp-content/uploads/2023/06/Logo-source-1200x204.png from 108 KB to 51 KB
[02-06-2023 13:01:14] Optimized file /wp-content/uploads/2023/06/Logo-source-1980x337.png from 269 KB to 127 KB
[02-06-2023 13:01:16] Optimized file /wp-content/uploads/2023/06/Logo.png from 30 KB to 15 KB
[02-06-2023 13:01:16] Optimized file /wp-content/uploads/2023/06/Logo-300x28.png from 4 KB to 3 KB
[02-06-2023 13:01:16] Optimized file /wp-content/uploads/2023/06/Logo-1024x94.png from 25 KB to 12 KB
[02-06-2023 13:01:16] Optimized file /wp-content/uploads/2023/06/Logo-150x150.png from 3 KB to 2 KB
[02-06-2023 13:01:16] Optimized file /wp-content/uploads/2023/06/Logo-768x71.png from 22 KB to 11 KB
[02-06-2023 13:01:17] Optimized file /wp-content/uploads/2023/06/Logo-1536x141.png from 83 KB to 41 KB
[02-06-2023 13:01:17] Optimized file /wp-content/uploads/2023/06/Logo-2048x188.png from 85 KB to 41 KB
[02-06-2023 13:01:17] Optimized file /wp-content/uploads/2023/06/Logo-1200x110.png from 13 KB to 6 KB
[02-06-2023 13:01:17] Optimized file /wp-content/uploads/2023/06/Logo-1980x182.png from 146 KB to 72 KB
[02-06-2023 13:01:18] Optimized file /wp-content/uploads/2023/06/Mask-group-1.png from 27 KB to 9 KB
[02-06-2023 13:01:18] Optimized file /wp-content/uploads/2023/06/Mask-group-1-1.png from 31 KB to 10 KB
[02-06-2023 13:01:19] Optimized file /wp-content/uploads/2023/06/Mask-group-2.png from 31 KB to 10 KB
[02-06-2023 13:01:20] Optimized file /wp-content/uploads/2023/06/Mask-group-3.png from 47 KB to 16 KB
[02-06-2023 13:01:21] Optimized file /wp-content/uploads/2023/06/Mask-group-3-150x150.png from 38 KB to 13 KB
[02-06-2023 13:01:23] Optimized file /wp-content/uploads/2023/06/Mask-group-4.png from 41 KB to 15 KB
[02-06-2023 13:01:23] Optimized file /wp-content/uploads/2023/06/Mask-group-4-150x150.png from 32 KB to 12 KB
[02-06-2023 13:01:25] Optimized file /wp-content/uploads/2023/06/Mask-group-5.png from 33 KB to 12 KB
[02-06-2023 13:01:25] Optimized file /wp-content/uploads/2023/06/Mask-group-5-150x150.png from 27 KB to 10 KB
[02-06-2023 13:01:28] Optimized file /wp-content/uploads/2023/06/Mask-group-6.png from 33 KB to 12 KB
[02-06-2023 13:01:28] Optimized file /wp-content/uploads/2023/06/Mask-group-6-150x150.png from 27 KB to 10 KB
[02-06-2023 13:01:32] Optimized file /wp-content/uploads/2023/06/Mask-group-7.png from 41 KB to 15 KB
[02-06-2023 13:01:33] Optimized file /wp-content/uploads/2023/06/Mask-group-7-150x150.png from 32 KB to 12 KB
[02-06-2023 13:01:35] Optimized file /wp-content/uploads/2023/06/Mask-group-8.png from 47 KB to 16 KB
[02-06-2023 13:01:35] Optimized file /wp-content/uploads/2023/06/Mask-group-8-150x150.png from 38 KB to 13 KB
[02-06-2023 13:01:39] Optimized file /wp-content/uploads/2023/06/Mask-group-9.png from 1 MB to 391 KB
[02-06-2023 13:01:39] Optimized file /wp-content/uploads/2023/06/Mask-group-9-273x300.png from 91 KB to 31 KB
[02-06-2023 13:01:40] Optimized file /wp-content/uploads/2023/06/Mask-group-9-930x1024.png from 751 KB to 264 KB
[02-06-2023 13:01:40] Optimized file /wp-content/uploads/2023/06/Mask-group-9-150x150.png from 30 KB to 11 KB
[02-06-2023 13:01:41] Optimized file /wp-content/uploads/2023/06/Mask-group-9-768x845.png from 543 KB to 189 KB
[02-06-2023 13:01:44] Optimized file /wp-content/uploads/2023/06/Mask-group-10.png from 1 MB to 512 KB
[02-06-2023 13:01:44] Optimized file /wp-content/uploads/2023/06/Mask-group-10-273x300.png from 116 KB to 39 KB
[02-06-2023 13:01:46] Optimized file /wp-content/uploads/2023/06/Mask-group-10-930x1024.png from 1000 KB to 339 KB
[02-06-2023 13:01:46] Optimized file /wp-content/uploads/2023/06/Mask-group-10-150x150.png from 36 KB to 13 KB
[02-06-2023 13:01:47] Optimized file /wp-content/uploads/2023/06/Mask-group-10-768x845.png from 720 KB to 244 KB
[02-06-2023 13:01:53] Optimized file /wp-content/uploads/2023/06/Mask-group-11.png from 1 MB to 467 KB
[02-06-2023 13:01:53] Optimized file /wp-content/uploads/2023/06/Mask-group-11-273x300.png from 119 KB to 38 KB
[02-06-2023 13:01:55] Optimized file /wp-content/uploads/2023/06/Mask-group-11-930x1024.png from 1 MB to 321 KB
[02-06-2023 13:01:55] Optimized file /wp-content/uploads/2023/06/Mask-group-11-150x150.png from 36 KB to 12 KB
[02-06-2023 13:01:56] Optimized file /wp-content/uploads/2023/06/Mask-group-11-768x845.png from 755 KB to 232 KB
[02-06-2023 13:01:56] Optimized file /wp-content/uploads/2023/06/Planty5-2.png from 8 KB to 4 KB
[02-06-2023 13:01:57] Optimized file /wp-content/uploads/2023/06/Planty5-3.png from 15 KB to 7 KB
[02-06-2023 13:01:57] Optimized file /wp-content/uploads/2023/06/Planty5-4.png from 13 KB to 6 KB
[02-06-2023 13:01:58] Optimized file /wp-content/uploads/2023/06/Planty5-5.png from 11 KB to 5 KB
[02-06-2023 13:02:01] Optimized file /wp-content/uploads/2023/06/Planty5-6.png from 13 KB to 6 KB
[02-06-2023 13:02:07] Optimized file /wp-content/uploads/2023/06/Planty5-7.png from 15 KB to 7 KB
[02-06-2023 13:02:09] Optimized file /wp-content/uploads/2023/06/Planty5-8.png from 11 KB to 5 KB
[02-06-2023 13:02:12] Optimized file /wp-content/uploads/2023/06/Planty5-9.png from 13 KB to 6 KB
[02-06-2023 13:02:14] Optimized file /wp-content/uploads/2023/06/Planty5-10.png from 15 KB to 7 KB
[02-06-2023 13:02:18] Optimized file /wp-content/uploads/2023/06/Planty5-11.png from 13 KB to 6 KB
[02-06-2023 13:02:23] Optimized file /wp-content/uploads/2023/06/Planty5-12.png from 11 KB to 5 KB
[02-06-2023 13:02:25] Optimized file /wp-content/uploads/2023/06/Planty5-13.png from 13 KB to 6 KB
[02-06-2023 13:02:28] Optimized file /wp-content/uploads/2023/06/Planty5-14.png from 15 KB to 7 KB
[02-06-2023 13:02:31] Optimized file /wp-content/uploads/2023/06/Planty5-15.png from 13 KB to 6 KB
[02-06-2023 13:02:33] Optimized file /wp-content/uploads/2023/06/Planty5-16.png from 11 KB to 5 KB
[02-06-2023 13:02:36] Optimized file /wp-content/uploads/2023/06/Planty5-17.png from 13 KB to 6 KB
[02-06-2023 13:02:41] Optimized file /wp-content/uploads/2023/06/Planty6-1-1.png from 131 KB to 40 KB
[02-06-2023 13:02:41] Optimized file /wp-content/uploads/2023/06/Planty6-1-1-188x300.png from 31 KB to 10 KB
[02-06-2023 13:02:41] Optimized file /wp-content/uploads/2023/06/Planty6-1-1-150x150.png from 14 KB to 6 KB
[02-06-2023 13:02:43] Optimized file /wp-content/uploads/2023/06/rodion-kutsaev-4k8xEFW4_3Q-unsplash-1.png from 172 KB to 73 KB
[02-06-2023 13:02:44] Optimized file /wp-content/uploads/2023/06/rodion-kutsaev-4k8xEFW4_3Q-unsplash-1-300x200.png from 93 KB to 40 KB
[02-06-2023 13:02:44] Optimized file /wp-content/uploads/2023/06/rodion-kutsaev-4k8xEFW4_3Q-unsplash-1-150x150.png from 36 KB to 16 KB
[02-06-2023 13:02:46] Optimized file /wp-content/uploads/2023/06/rodion-kutsaev-4k8xEFW4_3Q-unsplash-1-1.png from 172 KB to 73 KB
[02-06-2023 13:02:46] Optimized file /wp-content/uploads/2023/06/rodion-kutsaev-4k8xEFW4_3Q-unsplash-1-1-300x200.png from 93 KB to 40 KB
[02-06-2023 13:02:46] Optimized file /wp-content/uploads/2023/06/rodion-kutsaev-4k8xEFW4_3Q-unsplash-1-1-150x150.png from 36 KB to 16 KB
[02-06-2023 13:02:48] Optimized file /wp-content/uploads/2023/06/sai-de-silva-4-gFGb12hFA-unsplash-1.png from 38 KB to 14 KB
[02-06-2023 13:02:52] Optimized file /wp-content/uploads/2023/06/vinicius-wiesehofer-UOavP_Z38lE-unsplash-1.png from 33 KB to 13 KB
[08-06-2023 16:17:42] Optimized file /wp-content/uploads/2023/06/Planty6-1-2.png from 149 KB to 46 KB
[08-06-2023 16:17:42] Optimized file /wp-content/uploads/2023/06/Planty6-1-2-300x218.png from 9 KB to 4 KB
[08-06-2023 16:17:42] Optimized file /wp-content/uploads/2023/06/Planty6-1-2-1024x744.png from 84 KB to 27 KB
[08-06-2023 16:17:42] Optimized file /wp-content/uploads/2023/06/Planty6-1-2-150x150.png from 5 KB to 2 KB
[08-06-2023 16:17:43] Optimized file /wp-content/uploads/2023/06/Planty6-1-2-768x558.png from 50 KB to 16 KB
[08-06-2023 16:17:43] Optimized file /wp-content/uploads/2023/06/Planty6-1-2-1200x872.png from 110 KB to 35 KB
[08-06-2023 16:20:20] Optimized file /wp-content/uploads/2023/06/Group-2-1.png from 7 KB to 3 KB
[08-06-2023 16:20:20] Optimized file /wp-content/uploads/2023/06/Group-2-1-150x150.png from 10 KB to 6 KB
[08-06-2023 16:23:55] Optimized file /wp-content/uploads/2023/06/estudio-bloom-ezqnxsqUZ80-unsplash-1-2.png from 135 KB to 49 KB
[08-06-2023 16:23:56] Optimized file /wp-content/uploads/2023/06/estudio-bloom-ezqnxsqUZ80-unsplash-1-2-300x200.png from 76 KB to 27 KB
[08-06-2023 16:23:56] Optimized file /wp-content/uploads/2023/06/estudio-bloom-ezqnxsqUZ80-unsplash-1-2-150x150.png from 28 KB to 11 KB
[08-06-2023 16:25:50] Optimized file /wp-content/uploads/2023/05/cropped-Logo-e1685372104913.png from 2 KB to 2 KB
[08-06-2023 16:25:50] Optimized file /wp-content/uploads/2023/05/cropped-Logo-e1685372104913-150x18.png from 2 KB to 1 KB
[12-06-2023 18:08:23] Delete original image for : C:\MAMP\htdocs\planty/wp-content/uploads/2023/06/Planty6-1.png
[12-06-2023 18:17:17] Delete original image for : C:\MAMP\htdocs\planty/wp-content/uploads/2023/06/Planty6-1.png
[12-06-2023 18:18:11] Optimized file /wp-content/uploads/2023/06/Planty6-1.png from 149 KB to 45 KB
[12-06-2023 18:18:16] Optimized file /wp-content/uploads/2023/06/Planty6-1-300x218.png from 9 KB to 4 KB
